<?xml version="1.0" encoding="UTF-8"?>
<testsuite xmlns:xsi="http://www.w3.org/2001/XMLSchema-instance" xsi:noNamespaceSchemaLocation="https://maven.apache.org/surefire/maven-surefire-plugin/xsd/surefire-test-report.xsd" version="3.0.2" name="com.springMVC.SpringMvcDemoApplicationTests" time="3.712" tests="1" errors="0" skipped="0" failures="0">
  <properties>
[...]
</properties>
  <testcase name="contextLoads" classname="com.springMVC.SpringMvcDemoApplicationTests" time="1.241">
    <system-out><![CDATA[11:19:35.332 [main] INFO org.springframework.test.context.support.AnnotationConfigContextLoaderUtils -- Could not detect default configuration classes for test class [com.springMVC.SpringMvcDemoApplicationTests]: SpringMvcDemoApplicationTests does not declare any static, non-private, non-final, nested classes annotated with @Configuration.
11:19:35.477 [main] INFO org.springframework.boot.test.context.SpringBootTestContextBootstrapper -- Found @SpringBootConfiguration com.springMVC.SpringMvcDemoApplication for test class com.springMVC.SpringMvcDemoApplicationTests

  .   ____          _            __ _ _
 /\\ / ___'_ __ _ _(_)_ __  __ _ \ \ \ \
( ( )\___ | '_ | '_| | '_ \/ _` | \ \ \ \
 \\/  ___)| |_)| | | | | || (_| |  ) ) ) )
  '  |____| .__|_| |_|_| |_\__, | / / / /
 =========|_|==============|___/=/_/_/_/

 :: Spring Boot ::                (v4.0.3)

2026-02-23T11:19:36.022+05:30  INFO 6524 --- [springMVC_Demo] [           main] c.s.SpringMvcDemoApplicationTests        : Starting SpringMvcDemoApplicationTests using Java 21.0.9 with PID 6524 (started by Supriya Kumari in C:\Users\Supriya Kumari\Desktop\AdvanceJava\advjava\springMVC_Demo)
2026-02-23T11:19:36.025+05:30  INFO 6524 --- [springMVC_Demo] [           main] c.s.SpringMvcDemoApplicationTests        : No active profile set, falling back to 1 default profile: "default"
2026-02-23T11:19:37.313+05:30  WARN 6524 --- [springMVC_Demo] [           main] ion$DefaultTemplateResolverConfiguration : Cannot find template location: classpath:/templates/ (please add some templates, check your Thymeleaf configuration, or set spring.thymeleaf.check-template-location=false)
2026-02-23T11:19:37.457+05:30  INFO 6524 --- [springMVC_Demo] [           main] c.s.SpringMvcDemoApplicationTests        : Started SpringMvcDemoApplicationTests in 1.785 seconds (process running for 3.777)
]]></system-out>
    <system-err><![CDATA[Mockito is currently self-attaching to enable the inline-mock-maker. This will no longer work in future releases of the JDK. Please add Mockito as an agent to your build as described in Mockito's documentation: https://javadoc.io/doc/org.mockito/mockito-core/latest/org.mockito/org/mockito/Mockito.html#0.3
WARNING: A Java agent has been loaded dynamically (C:\Users\Supriya Kumari\.m2\repository\net\bytebuddy\byte-buddy-agent\1.17.8\byte-buddy-agent-1.17.8.jar)
WARNING: If a serviceability tool is in use, please run with -XX:+EnableDynamicAgentLoading to hide this warning
WARNING: If a serviceability tool is not in use, please run with -Djdk.instrument.traceUsage for more information
WARNING: Dynamic loading of agents will be disallowed by default in a future release
]]></system-err>
  </testcase>
</testsuite>